<?xml version="1.0" encoding="UTF-8"?>
<coverage generated="1747505915937" clover="3.2.0">
  <project timestamp="1747505915937" name="All files">
    <metrics statements="5" coveredstatements="5" conditionals="3" coveredconditionals="2" methods="4" coveredmethods="4" elements="12" coveredelements="11" complexity="0" loc="5" ncloc="5" packages="2" files="3" classes="3"/>
    <package name="src">
      <metrics statements="3" coveredstatements="3" conditionals="1" coveredconditionals="0" methods="3" coveredmethods="3"/>
      <file name="HomePage.jsx" path="C:\Dev\RoadmApp\src\HomePage.jsx">
        <metrics statements="2" coveredstatements="2" conditionals="1" coveredconditionals="0" methods="2" coveredmethods="2"/>
        <line num="3" count="2" type="stmt"/>
        <line num="8" count="2" type="stmt"/>
      </file>
      <file name="SampleComponent.jsx" path="C:\Dev\RoadmApp\src\SampleComponent.jsx">
        <metrics statements="1" coveredstatements="1" conditionals="0" coveredconditionals="0" methods="1" coveredmethods="1"/>
        <line num="3" count="1" type="stmt"/>
      </file>
    </package>
    <package name="src.utils">
      <metrics statements="2" coveredstatements="2" conditionals="2" coveredconditionals="2" methods="1" coveredmethods="1"/>
      <file name="tokenUtils.js" path="C:\Dev\RoadmApp\src\utils\tokenUtils.js">
        <metrics statements="2" coveredstatements="2" conditionals="2" coveredconditionals="2" methods="1" coveredmethods="1"/>
        <line num="2" count="2" type="cond" truecount="2" falsecount="0"/>
        <line num="3" count="1" type="stmt"/>
      </file>
    </package>
  </project>
</coverage>
