{"C:\\Dev\\RoadmApp\\src\\HomePage.jsx": {"path":"C:\\Dev\\RoadmApp\\src\\HomePage.jsx","statementMap":{"0":{"start":{"line":3,"column":2},"end":{"line":12,"column":4}},"1":{"start":{"line":8,"column":10},"end":{"line":8,"column":38}}},"fnMap":{"0":{"name":"HomePage","decl":{"start":{"line":2,"column":24},"end":{"line":2,"column":32}},"loc":{"start":{"line":2,"column":51},"end":{"line":13,"column":1}},"line":2},"1":{"name":"(anonymous_1)","decl":{"start":{"line":7,"column":21},"end":{"line":7,"column":22}},"loc":{"start":{"line":8,"column":10},"end":{"line":8,"column":38}},"line":8}},"branchMap":{"0":{"loc":{"start":{"line":2,"column":35},"end":{"line":2,"column":47}},"type":"default-arg","locations":[{"start":{"line":2,"column":45},"end":{"line":2,"column":47}}],"line":2}},"s":{"0":2,"1":2},"f":{"0":2,"1":2},"b":{"0":[0]},"_coverageSchema":"1a1c01bbd47fc00a2c39e90264f33305004495a9","hash":"d1109f07c6bba2fdb650fd6adce8b96c8cb06592"}
,"C:\\Dev\\RoadmApp\\src\\SampleComponent.jsx": {"path":"C:\\Dev\\RoadmApp\\src\\SampleComponent.jsx","statementMap":{"0":{"start":{"line":3,"column":2},"end":{"line":3,"column":31}}},"fnMap":{"0":{"name":"SampleComponent","decl":{"start":{"line":2,"column":24},"end":{"line":2,"column":39}},"loc":{"start":{"line":2,"column":42},"end":{"line":4,"column":1}},"line":2}},"branchMap":{},"s":{"0":1},"f":{"0":1},"b":{},"_coverageSchema":"1a1c01bbd47fc00a2c39e90264f33305004495a9","hash":"f876de609d1dd87878402fff4045ddd2b62deb25"}
,"C:\\Dev\\RoadmApp\\src\\utils\\tokenUtils.js": {"path":"C:\\Dev\\RoadmApp\\src\\utils\\tokenUtils.js","statementMap":{"0":{"start":{"line":2,"column":2},"end":{"line":2,"column":25}},"1":{"start":{"line":2,"column":15},"end":{"line":2,"column":25}},"2":{"start":{"line":3,"column":2},"end":{"line":3,"column":41}}},"fnMap":{"0":{"name":"formatTenant","decl":{"start":{"line":1,"column":16},"end":{"line":1,"column":28}},"loc":{"start":{"line":1,"column":37},"end":{"line":4,"column":1}},"line":1}},"branchMap":{"0":{"loc":{"start":{"line":2,"column":2},"end":{"line":2,"column":25}},"type":"if","locations":[{"start":{"line":2,"column":2},"end":{"line":2,"column":25}},{"start":{},"end":{}}],"line":2}},"s":{"0":2,"1":1,"2":1},"f":{"0":2},"b":{"0":[1,1]},"_coverageSchema":"1a1c01bbd47fc00a2c39e90264f33305004495a9","hash":"2a99397aec6cd2cf935476e25ea09fa09487e2ea"}
}
